0    [main] INFO  com.upm.miot.rlopezv.iotsimulator.App  - Starting client
454  [main] ERROR com.upm.miot.rlopezv.iotsimulator.App  - Error starting client
java.io.FileNotFoundException: /Users/ramon/master/git/iot-simulator/gatewaySystem.json (No such file or directory)
	at java.io.FileInputStream.open0(Native Method)
	at java.io.FileInputStream.open(FileInputStream.java:195)
	at java.io.FileInputStream.<init>(FileInputStream.java:138)
	at com.fasterxml.jackson.core.JsonFactory.createParser(JsonFactory.java:766)
	at com.fasterxml.jackson.databind.ObjectMapper.readValue(ObjectMapper.java:2902)
	at com.upm.miot.rlopezv.iotsimulator.App.parseConfig(App.java:119)
	at com.upm.miot.rlopezv.iotsimulator.App.configure(App.java:106)
	at com.upm.miot.rlopezv.iotsimulator.App.main(App.java:62)
458  [Thread-0] INFO  com.upm.miot.rlopezv.iotsimulator.App  - Stopping system
0    [main] INFO  com.upm.miot.rlopezv.iotsimulator.App  - Starting client
431  [main] ERROR com.upm.miot.rlopezv.iotsimulator.control.Client  - Cannot connect to mqttBorker
1446 [main] ERROR com.upm.miot.rlopezv.iotsimulator.control.Client  - Cannot connect to mqttBorker
2464 [main] ERROR com.upm.miot.rlopezv.iotsimulator.control.Client  - Cannot connect to mqttBorker
3482 [main] ERROR com.upm.miot.rlopezv.iotsimulator.control.Client  - Cannot connect to mqttBorker
4497 [main] ERROR com.upm.miot.rlopezv.iotsimulator.control.Client  - Cannot connect to mqttBorker
5515 [main] ERROR com.upm.miot.rlopezv.iotsimulator.control.Client  - Cannot connect to mqttBorker
6530 [main] ERROR com.upm.miot.rlopezv.iotsimulator.control.Client  - Cannot connect to mqttBorker
7545 [main] ERROR com.upm.miot.rlopezv.iotsimulator.control.Client  - Cannot connect to mqttBorker
0    [main] INFO  com.upm.miot.rlopezv.iotsimulator.App  - Starting client
610  [main] INFO  com.upm.miot.rlopezv.iotsimulator.control.Client  - Connected to mqtt broker
615  [main] INFO  com.upm.miot.rlopezv.iotsimulator.control.Client  - Subscribed to:sr/res01sys03/command/#
615  [main] INFO  com.upm.miot.rlopezv.iotsimulator.control.Client  - Started client
635  [MQTT Call: 4b3adc46-393d-4ad6-b79e-2a9b3afd2756] INFO  com.upm.miot.rlopezv.iotsimulator.control.AbstractSystemController  - Delivered message:{"measures":{}}
635  [main] INFO  com.upm.miot.rlopezv.iotsimulator.control.GatewaySystemController  - *******************Sent message*******************
636  [main] INFO  com.upm.miot.rlopezv.iotsimulator.control.GatewaySystemController  - message:SrSystemMeassure [measures={}]
636  [main] INFO  com.upm.miot.rlopezv.iotsimulator.control.GatewaySystemController  - *****************************************************
1    [main] INFO  com.upm.miot.rlopezv.iotsimulator.App  - Starting client
1003 [main] INFO  com.upm.miot.rlopezv.iotsimulator.control.Client  - Connected to mqtt broker
1009 [main] INFO  com.upm.miot.rlopezv.iotsimulator.control.Client  - Subscribed to:sr/res01sys03/command/#
1009 [main] INFO  com.upm.miot.rlopezv.iotsimulator.control.Client  - Started client
0    [main] INFO  com.upm.miot.rlopezv.iotsimulator.App  - Starting client
904  [main] ERROR com.upm.miot.rlopezv.iotsimulator.control.Client  - Cannot connect to mqttBorker
1925 [main] ERROR com.upm.miot.rlopezv.iotsimulator.control.Client  - Cannot connect to mqttBorker
2941 [main] ERROR com.upm.miot.rlopezv.iotsimulator.control.Client  - Cannot connect to mqttBorker
3958 [main] ERROR com.upm.miot.rlopezv.iotsimulator.control.Client  - Cannot connect to mqttBorker
4974 [main] ERROR com.upm.miot.rlopezv.iotsimulator.control.Client  - Cannot connect to mqttBorker
5991 [main] ERROR com.upm.miot.rlopezv.iotsimulator.control.Client  - Cannot connect to mqttBorker
7008 [main] ERROR com.upm.miot.rlopezv.iotsimulator.control.Client  - Cannot connect to mqttBorker
8028 [main] ERROR com.upm.miot.rlopezv.iotsimulator.control.Client  - Cannot connect to mqttBorker
9042 [main] ERROR com.upm.miot.rlopezv.iotsimulator.control.Client  - Cannot connect to mqttBorker
10058 [main] ERROR com.upm.miot.rlopezv.iotsimulator.control.Client  - Cannot connect to mqttBorker
11077 [main] ERROR com.upm.miot.rlopezv.iotsimulator.control.Client  - Cannot connect to mqttBorker
12091 [main] ERROR com.upm.miot.rlopezv.iotsimulator.control.Client  - Cannot connect to mqttBorker
13107 [main] ERROR com.upm.miot.rlopezv.iotsimulator.control.Client  - Cannot connect to mqttBorker
0    [main] INFO  com.upm.miot.rlopezv.iotsimulator.App  - Starting client
381  [main] INFO  com.upm.miot.rlopezv.iotsimulator.control.Client  - Connected to mqtt broker
386  [main] INFO  com.upm.miot.rlopezv.iotsimulator.control.Client  - Subscribed to:sr/res01sys03/command/#
386  [main] INFO  com.upm.miot.rlopezv.iotsimulator.control.Client  - Started client
0    [main] INFO  com.upm.miot.rlopezv.iotsimulator.App  - Starting client
890  [main] INFO  com.upm.miot.rlopezv.iotsimulator.control.Client  - Connected to mqtt broker
902  [main] INFO  com.upm.miot.rlopezv.iotsimulator.control.Client  - Subscribed to:sr/res01sys03/command/#
902  [main] INFO  com.upm.miot.rlopezv.iotsimulator.control.Client  - Started client
0    [main] INFO  com.upm.miot.rlopezv.iotsimulator.App  - Starting client
0    [main] INFO  com.upm.miot.rlopezv.iotsimulator.App  - Starting client
0    [main] INFO  com.upm.miot.rlopezv.iotsimulator.App  - Starting client
440  [main] INFO  com.upm.miot.rlopezv.iotsimulator.control.Client  - Connected to mqtt broker
445  [main] ERROR com.upm.miot.rlopezv.iotsimulator.control.AbstractSystemController  - Cannot connect to broker, waiting
17083 [Thread-2] INFO  com.upm.miot.rlopezv.iotsimulator.App  - Stopping system
17083 [Thread-2] INFO  com.upm.miot.rlopezv.iotsimulator.control.AbstractSystemController  - Stopping client
0    [main] INFO  com.upm.miot.rlopezv.iotsimulator.App  - Starting client
6814 [main] INFO  com.upm.miot.rlopezv.iotsimulator.control.Client  - Connected to mqtt broker
28800 [main] ERROR com.upm.miot.rlopezv.iotsimulator.control.AbstractSystemController  - Cannot connect to broker, waiting
0    [main] INFO  com.upm.miot.rlopezv.iotsimulator.App  - Starting client
4047 [main] INFO  com.upm.miot.rlopezv.iotsimulator.control.Client  - Connected to mqtt broker
41725 [main] ERROR com.upm.miot.rlopezv.iotsimulator.control.AbstractSystemController  - Cannot connect to broker, waiting
0    [main] INFO  com.upm.miot.rlopezv.iotsimulator.App  - Starting client
9614 [main] INFO  com.upm.miot.rlopezv.iotsimulator.control.Client  - Connected to mqtt broker
59275 [main] ERROR com.upm.miot.rlopezv.iotsimulator.control.AbstractSystemController  - Cannot connect to broker, waiting
0    [main] INFO  com.upm.miot.rlopezv.iotsimulator.App  - Starting client
0    [main] INFO  com.upm.miot.rlopezv.iotsimulator.App  - Starting client
385  [main] INFO  com.upm.miot.rlopezv.iotsimulator.control.Client  - Connected to mqtt broker
391  [main] ERROR com.upm.miot.rlopezv.iotsimulator.control.AbstractSystemController  - Cannot connect to broker, waiting
16972 [Thread-2] INFO  com.upm.miot.rlopezv.iotsimulator.App  - Stopping system
16973 [Thread-2] INFO  com.upm.miot.rlopezv.iotsimulator.control.AbstractSystemController  - Stopping client
0    [main] INFO  com.upm.miot.rlopezv.iotsimulator.App  - Starting client
3912 [main] INFO  com.upm.miot.rlopezv.iotsimulator.control.Client  - Connected to mqtt broker
2    [main] INFO  com.upm.miot.rlopezv.iotsimulator.App  - Starting client
54837 [main] INFO  com.upm.miot.rlopezv.iotsimulator.control.Client  - Connected to mqtt broker
111134 [main] ERROR com.upm.miot.rlopezv.iotsimulator.control.AbstractSystemController  - Cannot connect to broker, waiting
0    [main] INFO  com.upm.miot.rlopezv.iotsimulator.App  - Starting client
420  [main] INFO  com.upm.miot.rlopezv.iotsimulator.control.Client  - Connected to mqtt broker
425  [main] ERROR com.upm.miot.rlopezv.iotsimulator.control.AbstractSystemController  - Cannot connect to broker, waiting
0    [main] INFO  com.upm.miot.rlopezv.iotsimulator.App  - Starting client
477  [main] ERROR com.upm.miot.rlopezv.iotsimulator.control.Client  - Cannot connect to mqttBorker
1487 [main] ERROR com.upm.miot.rlopezv.iotsimulator.control.Client  - Cannot connect to mqttBorker
2497 [main] ERROR com.upm.miot.rlopezv.iotsimulator.control.Client  - Cannot connect to mqttBorker
3511 [main] ERROR com.upm.miot.rlopezv.iotsimulator.control.Client  - Cannot connect to mqttBorker
4522 [main] ERROR com.upm.miot.rlopezv.iotsimulator.control.Client  - Cannot connect to mqttBorker
5533 [main] ERROR com.upm.miot.rlopezv.iotsimulator.control.Client  - Cannot connect to mqttBorker
6547 [main] ERROR com.upm.miot.rlopezv.iotsimulator.control.Client  - Cannot connect to mqttBorker
7560 [main] ERROR com.upm.miot.rlopezv.iotsimulator.control.Client  - Cannot connect to mqttBorker
8572 [main] ERROR com.upm.miot.rlopezv.iotsimulator.control.Client  - Cannot connect to mqttBorker
9610 [main] ERROR com.upm.miot.rlopezv.iotsimulator.control.Client  - Cannot connect to mqttBorker
10626 [main] ERROR com.upm.miot.rlopezv.iotsimulator.control.Client  - Cannot connect to mqttBorker
11635 [main] ERROR com.upm.miot.rlopezv.iotsimulator.control.Client  - Cannot connect to mqttBorker
12644 [main] ERROR com.upm.miot.rlopezv.iotsimulator.control.Client  - Cannot connect to mqttBorker
13655 [main] ERROR com.upm.miot.rlopezv.iotsimulator.control.Client  - Cannot connect to mqttBorker
14662 [main] ERROR com.upm.miot.rlopezv.iotsimulator.control.Client  - Cannot connect to mqttBorker
15671 [main] ERROR com.upm.miot.rlopezv.iotsimulator.control.Client  - Cannot connect to mqttBorker
16684 [main] ERROR com.upm.miot.rlopezv.iotsimulator.control.Client  - Cannot connect to mqttBorker
17697 [main] ERROR com.upm.miot.rlopezv.iotsimulator.control.Client  - Cannot connect to mqttBorker
18705 [main] ERROR com.upm.miot.rlopezv.iotsimulator.control.Client  - Cannot connect to mqttBorker
19715 [main] ERROR com.upm.miot.rlopezv.iotsimulator.control.Client  - Cannot connect to mqttBorker
20732 [main] ERROR com.upm.miot.rlopezv.iotsimulator.control.Client  - Cannot connect to mqttBorker
21742 [main] ERROR com.upm.miot.rlopezv.iotsimulator.control.Client  - Cannot connect to mqttBorker
22752 [main] ERROR com.upm.miot.rlopezv.iotsimulator.control.Client  - Cannot connect to mqttBorker
23764 [main] ERROR com.upm.miot.rlopezv.iotsimulator.control.Client  - Cannot connect to mqttBorker
24776 [main] ERROR com.upm.miot.rlopezv.iotsimulator.control.Client  - Cannot connect to mqttBorker
25785 [main] ERROR com.upm.miot.rlopezv.iotsimulator.control.Client  - Cannot connect to mqttBorker
26798 [main] ERROR com.upm.miot.rlopezv.iotsimulator.control.Client  - Cannot connect to mqttBorker
27805 [main] ERROR com.upm.miot.rlopezv.iotsimulator.control.Client  - Cannot connect to mqttBorker
28819 [main] ERROR com.upm.miot.rlopezv.iotsimulator.control.Client  - Cannot connect to mqttBorker
29829 [main] ERROR com.upm.miot.rlopezv.iotsimulator.control.Client  - Cannot connect to mqttBorker
30840 [main] ERROR com.upm.miot.rlopezv.iotsimulator.control.Client  - Cannot connect to mqttBorker
31854 [main] ERROR com.upm.miot.rlopezv.iotsimulator.control.Client  - Cannot connect to mqttBorker
32870 [main] ERROR com.upm.miot.rlopezv.iotsimulator.control.Client  - Cannot connect to mqttBorker
33883 [main] ERROR com.upm.miot.rlopezv.iotsimulator.control.Client  - Cannot connect to mqttBorker
34894 [main] ERROR com.upm.miot.rlopezv.iotsimulator.control.Client  - Cannot connect to mqttBorker
35907 [main] ERROR com.upm.miot.rlopezv.iotsimulator.control.Client  - Cannot connect to mqttBorker
36922 [main] ERROR com.upm.miot.rlopezv.iotsimulator.control.Client  - Cannot connect to mqttBorker
37933 [main] ERROR com.upm.miot.rlopezv.iotsimulator.control.Client  - Cannot connect to mqttBorker
38945 [main] ERROR com.upm.miot.rlopezv.iotsimulator.control.Client  - Cannot connect to mqttBorker
39956 [main] ERROR com.upm.miot.rlopezv.iotsimulator.control.Client  - Cannot connect to mqttBorker
40967 [main] ERROR com.upm.miot.rlopezv.iotsimulator.control.Client  - Cannot connect to mqttBorker
41976 [main] ERROR com.upm.miot.rlopezv.iotsimulator.control.Client  - Cannot connect to mqttBorker
42990 [main] ERROR com.upm.miot.rlopezv.iotsimulator.control.Client  - Cannot connect to mqttBorker
43999 [main] ERROR com.upm.miot.rlopezv.iotsimulator.control.Client  - Cannot connect to mqttBorker
45011 [main] ERROR com.upm.miot.rlopezv.iotsimulator.control.Client  - Cannot connect to mqttBorker
46022 [main] ERROR com.upm.miot.rlopezv.iotsimulator.control.Client  - Cannot connect to mqttBorker
47033 [main] ERROR com.upm.miot.rlopezv.iotsimulator.control.Client  - Cannot connect to mqttBorker
48043 [main] ERROR com.upm.miot.rlopezv.iotsimulator.control.Client  - Cannot connect to mqttBorker
49051 [main] ERROR com.upm.miot.rlopezv.iotsimulator.control.Client  - Cannot connect to mqttBorker
50062 [main] ERROR com.upm.miot.rlopezv.iotsimulator.control.Client  - Cannot connect to mqttBorker
51077 [main] ERROR com.upm.miot.rlopezv.iotsimulator.control.Client  - Cannot connect to mqttBorker
52087 [main] ERROR com.upm.miot.rlopezv.iotsimulator.control.Client  - Cannot connect to mqttBorker
53098 [main] ERROR com.upm.miot.rlopezv.iotsimulator.control.Client  - Cannot connect to mqttBorker
54111 [main] ERROR com.upm.miot.rlopezv.iotsimulator.control.Client  - Cannot connect to mqttBorker
55120 [main] ERROR com.upm.miot.rlopezv.iotsimulator.control.Client  - Cannot connect to mqttBorker
56146 [main] ERROR com.upm.miot.rlopezv.iotsimulator.control.Client  - Cannot connect to mqttBorker
57154 [main] ERROR com.upm.miot.rlopezv.iotsimulator.control.Client  - Cannot connect to mqttBorker
58165 [main] ERROR com.upm.miot.rlopezv.iotsimulator.control.Client  - Cannot connect to mqttBorker
59172 [main] ERROR com.upm.miot.rlopezv.iotsimulator.control.Client  - Cannot connect to mqttBorker
60186 [main] ERROR com.upm.miot.rlopezv.iotsimulator.control.Client  - Cannot connect to mqttBorker
61195 [main] ERROR com.upm.miot.rlopezv.iotsimulator.control.Client  - Cannot connect to mqttBorker
62208 [main] ERROR com.upm.miot.rlopezv.iotsimulator.control.Client  - Cannot connect to mqttBorker
63219 [main] ERROR com.upm.miot.rlopezv.iotsimulator.control.Client  - Cannot connect to mqttBorker
64234 [main] ERROR com.upm.miot.rlopezv.iotsimulator.control.Client  - Cannot connect to mqttBorker
65247 [main] ERROR com.upm.miot.rlopezv.iotsimulator.control.Client  - Cannot connect to mqttBorker
66260 [main] ERROR com.upm.miot.rlopezv.iotsimulator.control.Client  - Cannot connect to mqttBorker
67270 [main] ERROR com.upm.miot.rlopezv.iotsimulator.control.Client  - Cannot connect to mqttBorker
68279 [main] ERROR com.upm.miot.rlopezv.iotsimulator.control.Client  - Cannot connect to mqttBorker
69289 [main] ERROR com.upm.miot.rlopezv.iotsimulator.control.Client  - Cannot connect to mqttBorker
70333 [main] ERROR com.upm.miot.rlopezv.iotsimulator.control.Client  - Cannot connect to mqttBorker
71346 [main] ERROR com.upm.miot.rlopezv.iotsimulator.control.Client  - Cannot connect to mqttBorker
72356 [main] ERROR com.upm.miot.rlopezv.iotsimulator.control.Client  - Cannot connect to mqttBorker
73364 [main] ERROR com.upm.miot.rlopezv.iotsimulator.control.Client  - Cannot connect to mqttBorker
74375 [main] ERROR com.upm.miot.rlopezv.iotsimulator.control.Client  - Cannot connect to mqttBorker
75393 [main] ERROR com.upm.miot.rlopezv.iotsimulator.control.Client  - Cannot connect to mqttBorker
76402 [main] ERROR com.upm.miot.rlopezv.iotsimulator.control.Client  - Cannot connect to mqttBorker
77421 [main] ERROR com.upm.miot.rlopezv.iotsimulator.control.Client  - Cannot connect to mqttBorker
78436 [main] ERROR com.upm.miot.rlopezv.iotsimulator.control.Client  - Cannot connect to mqttBorker
79449 [main] ERROR com.upm.miot.rlopezv.iotsimulator.control.Client  - Cannot connect to mqttBorker
80464 [main] ERROR com.upm.miot.rlopezv.iotsimulator.control.Client  - Cannot connect to mqttBorker
81477 [main] ERROR com.upm.miot.rlopezv.iotsimulator.control.Client  - Cannot connect to mqttBorker
82484 [main] ERROR com.upm.miot.rlopezv.iotsimulator.control.Client  - Cannot connect to mqttBorker
83498 [main] ERROR com.upm.miot.rlopezv.iotsimulator.control.Client  - Cannot connect to mqttBorker
84512 [main] ERROR com.upm.miot.rlopezv.iotsimulator.control.Client  - Cannot connect to mqttBorker
0    [main] INFO  com.upm.miot.rlopezv.iotsimulator.App  - Starting client
13032 [main] ERROR com.upm.miot.rlopezv.iotsimulator.control.Client  - Cannot connect to mqttBorker
19160 [main] ERROR com.upm.miot.rlopezv.iotsimulator.control.Client  - Cannot connect to mqttBorker
24355 [main] ERROR com.upm.miot.rlopezv.iotsimulator.control.Client  - Cannot connect to mqttBorker
48119 [main] ERROR com.upm.miot.rlopezv.iotsimulator.control.Client  - Cannot connect to mqttBorker
0    [main] INFO  com.upm.miot.rlopezv.iotsimulator.App  - Starting client
19023 [main] INFO  com.upm.miot.rlopezv.iotsimulator.control.Client  - Connected to mqtt broker
40586 [main] ERROR com.upm.miot.rlopezv.iotsimulator.control.AbstractSystemController  - Cannot connect to broker, waiting
0    [main] INFO  com.upm.miot.rlopezv.iotsimulator.App  - Starting client
11597 [main] INFO  com.upm.miot.rlopezv.iotsimulator.control.Client  - Connected to mqtt broker
0    [main] INFO  com.upm.miot.rlopezv.iotsimulator.App  - Starting client
1373 [main] INFO  com.upm.miot.rlopezv.iotsimulator.control.Client  - Connected to mqtt broker
1379 [main] INFO  com.upm.miot.rlopezv.iotsimulator.control.Client  - Subscribed to:sr/#
1380 [main] INFO  com.upm.miot.rlopezv.iotsimulator.control.Client  - Started client
2027 [OkHttp http://localhost:1880/] ERROR com.upm.miot.rlopezv.iotsimulator.control.GatewaySystemController  - onFailure() Request was:Request{method=POST, url=http://localhost:1880/, tag=Request{method=POST, url=http://localhost:1880/, tag=null}}
java.net.ConnectException: Failed to connect to localhost/0:0:0:0:0:0:0:1:1880
	at com.squareup.okhttp.internal.io.RealConnection.connectSocket(RealConnection.java:143)
	at com.squareup.okhttp.internal.io.RealConnection.connect(RealConnection.java:112)
	at com.squareup.okhttp.internal.http.StreamAllocation.findConnection(StreamAllocation.java:184)
	at com.squareup.okhttp.internal.http.StreamAllocation.findHealthyConnection(StreamAllocation.java:126)
	at com.squareup.okhttp.internal.http.StreamAllocation.newStream(StreamAllocation.java:95)
	at com.squareup.okhttp.internal.http.HttpEngine.connect(HttpEngine.java:281)
	at com.squareup.okhttp.internal.http.HttpEngine.sendRequest(HttpEngine.java:224)
	at com.squareup.okhttp.Call.getResponse(Call.java:286)
	at com.squareup.okhttp.Call$ApplicationInterceptorChain.proceed(Call.java:243)
	at com.squareup.okhttp.Call.getResponseWithInterceptorChain(Call.java:205)
	at com.squareup.okhttp.Call.access$100(Call.java:35)
	at com.squareup.okhttp.Call$AsyncCall.execute(Call.java:171)
	at com.squareup.okhttp.internal.NamedRunnable.run(NamedRunnable.java:33)
	at java.util.concurrent.ThreadPoolExecutor.runWorker(ThreadPoolExecutor.java:1142)
	at java.util.concurrent.ThreadPoolExecutor$Worker.run(ThreadPoolExecutor.java:617)
	at java.lang.Thread.run(Thread.java:745)
0    [main] INFO  com.upm.miot.rlopezv.iotsimulator.App  - Starting client
9827 [main] INFO  com.upm.miot.rlopezv.iotsimulator.control.Client  - Connected to mqtt broker
14033 [main] INFO  com.upm.miot.rlopezv.iotsimulator.control.Client  - Subscribed to:sr/#
14033 [main] INFO  com.upm.miot.rlopezv.iotsimulator.control.Client  - Started client
0    [main] INFO  com.upm.miot.rlopezv.iotsimulator.App  - Starting client
729  [main] INFO  com.upm.miot.rlopezv.iotsimulator.control.Client  - Connected to mqtt broker
734  [main] INFO  com.upm.miot.rlopezv.iotsimulator.control.Client  - Subscribed to:sr/res01sys02/command/#
734  [main] INFO  com.upm.miot.rlopezv.iotsimulator.control.Client  - Started client
769  [main] INFO  com.upm.miot.rlopezv.iotsimulator.control.BaseSystemController  - *******************Sent message*******************
769  [MQTT Call: 23f9d104-1b26-4dcb-b7d4-8ff50e34eddc] INFO  com.upm.miot.rlopezv.iotsimulator.control.AbstractSystemController  - Delivered message:{"measures":{"light":true,"sound":65.69221883690736,"luminosity":34.38985738560636}}
769  [main] INFO  com.upm.miot.rlopezv.iotsimulator.control.BaseSystemController  - message:SrSystemMeassure [measures={light=true, sound=65.69221883690736, luminosity=34.38985738560636}]
770  [main] INFO  com.upm.miot.rlopezv.iotsimulator.control.BaseSystemController  - *****************************************************
261564 [OkHttp http://localhost:1880/] ERROR com.upm.miot.rlopezv.iotsimulator.control.GatewaySystemController  - onFailure() Request was:Request{method=POST, url=http://localhost:1880/, tag=Request{method=POST, url=http://localhost:1880/, tag=null}}
java.net.ConnectException: Failed to connect to localhost/0:0:0:0:0:0:0:1:1880
	at com.squareup.okhttp.internal.io.RealConnection.connectSocket(RealConnection.java:143)
	at com.squareup.okhttp.internal.io.RealConnection.connect(RealConnection.java:112)
	at com.squareup.okhttp.internal.http.StreamAllocation.findConnection(StreamAllocation.java:184)
	at com.squareup.okhttp.internal.http.StreamAllocation.findHealthyConnection(StreamAllocation.java:126)
	at com.squareup.okhttp.internal.http.StreamAllocation.newStream(StreamAllocation.java:95)
	at com.squareup.okhttp.internal.http.HttpEngine.connect(HttpEngine.java:281)
	at com.squareup.okhttp.internal.http.HttpEngine.sendRequest(HttpEngine.java:224)
	at com.squareup.okhttp.Call.getResponse(Call.java:286)
	at com.squareup.okhttp.Call$ApplicationInterceptorChain.proceed(Call.java:243)
	at com.squareup.okhttp.Call.getResponseWithInterceptorChain(Call.java:205)
	at com.squareup.okhttp.Call.access$100(Call.java:35)
	at com.squareup.okhttp.Call$AsyncCall.execute(Call.java:171)
	at com.squareup.okhttp.internal.NamedRunnable.run(NamedRunnable.java:33)
	at java.util.concurrent.ThreadPoolExecutor.runWorker(ThreadPoolExecutor.java:1142)
	at java.util.concurrent.ThreadPoolExecutor$Worker.run(ThreadPoolExecutor.java:617)
	at java.lang.Thread.run(Thread.java:745)
60777 [main] INFO  com.upm.miot.rlopezv.iotsimulator.control.BaseSystemController  - *******************Sent message*******************
60778 [main] INFO  com.upm.miot.rlopezv.iotsimulator.control.BaseSystemController  - message:SrSystemMeassure [measures={light=true, sound=62.07630809453642, luminosity=80.14583034037591}]
60778 [main] INFO  com.upm.miot.rlopezv.iotsimulator.control.BaseSystemController  - *****************************************************
60777 [MQTT Call: 23f9d104-1b26-4dcb-b7d4-8ff50e34eddc] INFO  com.upm.miot.rlopezv.iotsimulator.control.AbstractSystemController  - Delivered message:{"measures":{"light":true,"sound":62.07630809453642,"luminosity":80.14583034037591}}
210431 [OkHttp http://localhost:1880/] ERROR com.upm.miot.rlopezv.iotsimulator.control.GatewaySystemController  - onFailure() Request was:Request{method=POST, url=http://localhost:1880/, tag=Request{method=POST, url=http://localhost:1880/, tag=null}}
java.net.ConnectException: Failed to connect to localhost/0:0:0:0:0:0:0:1:1880
	at com.squareup.okhttp.internal.io.RealConnection.connectSocket(RealConnection.java:143)
	at com.squareup.okhttp.internal.io.RealConnection.connect(RealConnection.java:112)
	at com.squareup.okhttp.internal.http.StreamAllocation.findConnection(StreamAllocation.java:184)
	at com.squareup.okhttp.internal.http.StreamAllocation.findHealthyConnection(StreamAllocation.java:126)
	at com.squareup.okhttp.internal.http.StreamAllocation.newStream(StreamAllocation.java:95)
	at com.squareup.okhttp.internal.http.HttpEngine.connect(HttpEngine.java:281)
	at com.squareup.okhttp.internal.http.HttpEngine.sendRequest(HttpEngine.java:224)
	at com.squareup.okhttp.Call.getResponse(Call.java:286)
	at com.squareup.okhttp.Call$ApplicationInterceptorChain.proceed(Call.java:243)
	at com.squareup.okhttp.Call.getResponseWithInterceptorChain(Call.java:205)
	at com.squareup.okhttp.Call.access$100(Call.java:35)
	at com.squareup.okhttp.Call$AsyncCall.execute(Call.java:171)
	at com.squareup.okhttp.internal.NamedRunnable.run(NamedRunnable.java:33)
	at java.util.concurrent.ThreadPoolExecutor.runWorker(ThreadPoolExecutor.java:1142)
	at java.util.concurrent.ThreadPoolExecutor$Worker.run(ThreadPoolExecutor.java:617)
	at java.lang.Thread.run(Thread.java:745)
221754 [OkHttp http://localhost:1880/] ERROR com.upm.miot.rlopezv.iotsimulator.control.GatewaySystemController  - onFailure() Request was:Request{method=POST, url=http://localhost:1880/, tag=Request{method=POST, url=http://localhost:1880/, tag=null}}
java.net.ConnectException: Failed to connect to localhost/0:0:0:0:0:0:0:1:1880
	at com.squareup.okhttp.internal.io.RealConnection.connectSocket(RealConnection.java:143)
	at com.squareup.okhttp.internal.io.RealConnection.connect(RealConnection.java:112)
	at com.squareup.okhttp.internal.http.StreamAllocation.findConnection(StreamAllocation.java:184)
	at com.squareup.okhttp.internal.http.StreamAllocation.findHealthyConnection(StreamAllocation.java:126)
	at com.squareup.okhttp.internal.http.StreamAllocation.newStream(StreamAllocation.java:95)
	at com.squareup.okhttp.internal.http.HttpEngine.connect(HttpEngine.java:281)
	at com.squareup.okhttp.internal.http.HttpEngine.sendRequest(HttpEngine.java:224)
	at com.squareup.okhttp.Call.getResponse(Call.java:286)
	at com.squareup.okhttp.Call$ApplicationInterceptorChain.proceed(Call.java:243)
	at com.squareup.okhttp.Call.getResponseWithInterceptorChain(Call.java:205)
	at com.squareup.okhttp.Call.access$100(Call.java:35)
	at com.squareup.okhttp.Call$AsyncCall.execute(Call.java:171)
	at com.squareup.okhttp.internal.NamedRunnable.run(NamedRunnable.java:33)
	at java.util.concurrent.ThreadPoolExecutor.runWorker(ThreadPoolExecutor.java:1142)
	at java.util.concurrent.ThreadPoolExecutor$Worker.run(ThreadPoolExecutor.java:617)
	at java.lang.Thread.run(Thread.java:745)
120784 [MQTT Call: 23f9d104-1b26-4dcb-b7d4-8ff50e34eddc] INFO  com.upm.miot.rlopezv.iotsimulator.control.AbstractSystemController  - Delivered message:{"measures":{"light":true,"sound":16.26302553398475,"luminosity":22.054535494798255}}
120785 [main] INFO  com.upm.miot.rlopezv.iotsimulator.control.BaseSystemController  - *******************Sent message*******************
120786 [main] INFO  com.upm.miot.rlopezv.iotsimulator.control.BaseSystemController  - message:SrSystemMeassure [measures={light=true, sound=16.26302553398475, luminosity=22.054535494798255}]
120786 [main] INFO  com.upm.miot.rlopezv.iotsimulator.control.BaseSystemController  - *****************************************************
0    [main] INFO  com.upm.miot.rlopezv.iotsimulator.App  - Starting client
827  [main] INFO  com.upm.miot.rlopezv.iotsimulator.control.Client  - Connected to mqtt broker
834  [main] INFO  com.upm.miot.rlopezv.iotsimulator.control.Client  - Subscribed to:sr/res01sys02/command/#
834  [main] INFO  com.upm.miot.rlopezv.iotsimulator.control.Client  - Started client
899  [MQTT Call: ffdd3fb6-c55a-4b3a-9918-0e5ce884d232] INFO  com.upm.miot.rlopezv.iotsimulator.control.AbstractSystemController  - Delivered message:{"measures":{"light":true,"sound":2.248240437284501,"luminosity":57.59529922206686}}
900  [main] INFO  com.upm.miot.rlopezv.iotsimulator.control.BaseSystemController  - *******************Sent message*******************
901  [main] INFO  com.upm.miot.rlopezv.iotsimulator.control.BaseSystemController  - message:SrSystemMeassure [measures={light=true, sound=2.248240437284501, luminosity=57.59529922206686}]
901  [main] INFO  com.upm.miot.rlopezv.iotsimulator.control.BaseSystemController  - *****************************************************
180793 [main] INFO  com.upm.miot.rlopezv.iotsimulator.control.BaseSystemController  - *******************Sent message*******************
180793 [MQTT Call: 23f9d104-1b26-4dcb-b7d4-8ff50e34eddc] INFO  com.upm.miot.rlopezv.iotsimulator.control.AbstractSystemController  - Delivered message:{"measures":{"light":true,"sound":35.610758685128616,"luminosity":94.18650899080632}}
180794 [main] INFO  com.upm.miot.rlopezv.iotsimulator.control.BaseSystemController  - message:SrSystemMeassure [measures={light=true, sound=35.610758685128616, luminosity=94.18650899080632}]
180794 [main] INFO  com.upm.miot.rlopezv.iotsimulator.control.BaseSystemController  - *****************************************************
60908 [main] INFO  com.upm.miot.rlopezv.iotsimulator.control.BaseSystemController  - *******************Sent message*******************
60908 [MQTT Call: ffdd3fb6-c55a-4b3a-9918-0e5ce884d232] INFO  com.upm.miot.rlopezv.iotsimulator.control.AbstractSystemController  - Delivered message:{"measures":{"light":true,"sound":18.062428508659448,"luminosity":63.376666947094186}}
60908 [main] INFO  com.upm.miot.rlopezv.iotsimulator.control.BaseSystemController  - message:SrSystemMeassure [measures={light=true, sound=18.062428508659448, luminosity=63.376666947094186}]
60909 [main] INFO  com.upm.miot.rlopezv.iotsimulator.control.BaseSystemController  - *****************************************************
240802 [main] INFO  com.upm.miot.rlopezv.iotsimulator.control.BaseSystemController  - *******************Sent message*******************
240802 [MQTT Call: 23f9d104-1b26-4dcb-b7d4-8ff50e34eddc] INFO  com.upm.miot.rlopezv.iotsimulator.control.AbstractSystemController  - Delivered message:{"measures":{"light":true,"sound":3.3030587860373406,"luminosity":39.06067296817631}}
240803 [main] INFO  com.upm.miot.rlopezv.iotsimulator.control.BaseSystemController  - message:SrSystemMeassure [measures={light=true, sound=3.3030587860373406, luminosity=39.06067296817631}]
240803 [main] INFO  com.upm.miot.rlopezv.iotsimulator.control.BaseSystemController  - *****************************************************
0    [main] INFO  com.upm.miot.rlopezv.iotsimulator.App  - Starting client
379064 [OkHttp http://localhost:1880/] ERROR com.upm.miot.rlopezv.iotsimulator.control.GatewaySystemController  - onFailure() Request was:Request{method=POST, url=http://localhost:1880/, tag=Request{method=POST, url=http://localhost:1880/, tag=null}}
java.net.ConnectException: Failed to connect to localhost/0:0:0:0:0:0:0:1:1880
	at com.squareup.okhttp.internal.io.RealConnection.connectSocket(RealConnection.java:143)
	at com.squareup.okhttp.internal.io.RealConnection.connect(RealConnection.java:112)
	at com.squareup.okhttp.internal.http.StreamAllocation.findConnection(StreamAllocation.java:184)
	at com.squareup.okhttp.internal.http.StreamAllocation.findHealthyConnection(StreamAllocation.java:126)
	at com.squareup.okhttp.internal.http.StreamAllocation.newStream(StreamAllocation.java:95)
	at com.squareup.okhttp.internal.http.HttpEngine.connect(HttpEngine.java:281)
	at com.squareup.okhttp.internal.http.HttpEngine.sendRequest(HttpEngine.java:224)
	at com.squareup.okhttp.Call.getResponse(Call.java:286)
	at com.squareup.okhttp.Call$ApplicationInterceptorChain.proceed(Call.java:243)
	at com.squareup.okhttp.Call.getResponseWithInterceptorChain(Call.java:205)
	at com.squareup.okhttp.Call.access$100(Call.java:35)
	at com.squareup.okhttp.Call$AsyncCall.execute(Call.java:171)
	at com.squareup.okhttp.internal.NamedRunnable.run(NamedRunnable.java:33)
	at java.util.concurrent.ThreadPoolExecutor.runWorker(ThreadPoolExecutor.java:1142)
	at java.util.concurrent.ThreadPoolExecutor$Worker.run(ThreadPoolExecutor.java:617)
	at java.lang.Thread.run(Thread.java:745)
380768 [OkHttp http://localhost:1880/] ERROR com.upm.miot.rlopezv.iotsimulator.control.GatewaySystemController  - onFailure() Request was:Request{method=POST, url=http://localhost:1880/, tag=Request{method=POST, url=http://localhost:1880/, tag=null}}
java.net.ConnectException: Failed to connect to localhost/0:0:0:0:0:0:0:1:1880
	at com.squareup.okhttp.internal.io.RealConnection.connectSocket(RealConnection.java:143)
	at com.squareup.okhttp.internal.io.RealConnection.connect(RealConnection.java:112)
	at com.squareup.okhttp.internal.http.StreamAllocation.findConnection(StreamAllocation.java:184)
	at com.squareup.okhttp.internal.http.StreamAllocation.findHealthyConnection(StreamAllocation.java:126)
	at com.squareup.okhttp.internal.http.StreamAllocation.newStream(StreamAllocation.java:95)
	at com.squareup.okhttp.internal.http.HttpEngine.connect(HttpEngine.java:281)
	at com.squareup.okhttp.internal.http.HttpEngine.sendRequest(HttpEngine.java:224)
	at com.squareup.okhttp.Call.getResponse(Call.java:286)
	at com.squareup.okhttp.Call$ApplicationInterceptorChain.proceed(Call.java:243)
	at com.squareup.okhttp.Call.getResponseWithInterceptorChain(Call.java:205)
	at com.squareup.okhttp.Call.access$100(Call.java:35)
	at com.squareup.okhttp.Call$AsyncCall.execute(Call.java:171)
	at com.squareup.okhttp.internal.NamedRunnable.run(NamedRunnable.java:33)
	at java.util.concurrent.ThreadPoolExecutor.runWorker(ThreadPoolExecutor.java:1142)
	at java.util.concurrent.ThreadPoolExecutor$Worker.run(ThreadPoolExecutor.java:617)
	at java.lang.Thread.run(Thread.java:745)
384530 [OkHttp http://localhost:1880/] ERROR com.upm.miot.rlopezv.iotsimulator.control.GatewaySystemController  - onFailure() Request was:Request{method=POST, url=http://localhost:1880/, tag=Request{method=POST, url=http://localhost:1880/, tag=null}}
java.net.ConnectException: Failed to connect to localhost/0:0:0:0:0:0:0:1:1880
	at com.squareup.okhttp.internal.io.RealConnection.connectSocket(RealConnection.java:143)
	at com.squareup.okhttp.internal.io.RealConnection.connect(RealConnection.java:112)
	at com.squareup.okhttp.internal.http.StreamAllocation.findConnection(StreamAllocation.java:184)
	at com.squareup.okhttp.internal.http.StreamAllocation.findHealthyConnection(StreamAllocation.java:126)
	at com.squareup.okhttp.internal.http.StreamAllocation.newStream(StreamAllocation.java:95)
	at com.squareup.okhttp.internal.http.HttpEngine.connect(HttpEngine.java:281)
	at com.squareup.okhttp.internal.http.HttpEngine.sendRequest(HttpEngine.java:224)
	at com.squareup.okhttp.Call.getResponse(Call.java:286)
	at com.squareup.okhttp.Call$ApplicationInterceptorChain.proceed(Call.java:243)
	at com.squareup.okhttp.Call.getResponseWithInterceptorChain(Call.java:205)
	at com.squareup.okhttp.Call.access$100(Call.java:35)
	at com.squareup.okhttp.Call$AsyncCall.execute(Call.java:171)
	at com.squareup.okhttp.internal.NamedRunnable.run(NamedRunnable.java:33)
	at java.util.concurrent.ThreadPoolExecutor.runWorker(ThreadPoolExecutor.java:1142)
	at java.util.concurrent.ThreadPoolExecutor$Worker.run(ThreadPoolExecutor.java:617)
	at java.lang.Thread.run(Thread.java:745)
386256 [OkHttp http://localhost:1880/] ERROR com.upm.miot.rlopezv.iotsimulator.control.GatewaySystemController  - onFailure() Request was:Request{method=POST, url=http://localhost:1880/, tag=Request{method=POST, url=http://localhost:1880/, tag=null}}
java.net.ConnectException: Failed to connect to localhost/0:0:0:0:0:0:0:1:1880
	at com.squareup.okhttp.internal.io.RealConnection.connectSocket(RealConnection.java:143)
	at com.squareup.okhttp.internal.io.RealConnection.connect(RealConnection.java:112)
	at com.squareup.okhttp.internal.http.StreamAllocation.findConnection(StreamAllocation.java:184)
	at com.squareup.okhttp.internal.http.StreamAllocation.findHealthyConnection(StreamAllocation.java:126)
	at com.squareup.okhttp.internal.http.StreamAllocation.newStream(StreamAllocation.java:95)
	at com.squareup.okhttp.internal.http.HttpEngine.connect(HttpEngine.java:281)
	at com.squareup.okhttp.internal.http.HttpEngine.sendRequest(HttpEngine.java:224)
	at com.squareup.okhttp.Call.getResponse(Call.java:286)
	at com.squareup.okhttp.Call$ApplicationInterceptorChain.proceed(Call.java:243)
	at com.squareup.okhttp.Call.getResponseWithInterceptorChain(Call.java:205)
	at com.squareup.okhttp.Call.access$100(Call.java:35)
	at com.squareup.okhttp.Call$AsyncCall.execute(Call.java:171)
	at com.squareup.okhttp.internal.NamedRunnable.run(NamedRunnable.java:33)
	at java.util.concurrent.ThreadPoolExecutor.runWorker(ThreadPoolExecutor.java:1142)
	at java.util.concurrent.ThreadPoolExecutor$Worker.run(ThreadPoolExecutor.java:617)
	at java.lang.Thread.run(Thread.java:745)
387804 [OkHttp http://localhost:1880/] ERROR com.upm.miot.rlopezv.iotsimulator.control.GatewaySystemController  - onFailure() Request was:Request{method=POST, url=http://localhost:1880/, tag=Request{method=POST, url=http://localhost:1880/, tag=null}}
java.net.ConnectException: Failed to connect to localhost/0:0:0:0:0:0:0:1:1880
	at com.squareup.okhttp.internal.io.RealConnection.connectSocket(RealConnection.java:143)
	at com.squareup.okhttp.internal.io.RealConnection.connect(RealConnection.java:112)
	at com.squareup.okhttp.internal.http.StreamAllocation.findConnection(StreamAllocation.java:184)
	at com.squareup.okhttp.internal.http.StreamAllocation.findHealthyConnection(StreamAllocation.java:126)
	at com.squareup.okhttp.internal.http.StreamAllocation.newStream(StreamAllocation.java:95)
	at com.squareup.okhttp.internal.http.HttpEngine.connect(HttpEngine.java:281)
	at com.squareup.okhttp.internal.http.HttpEngine.sendRequest(HttpEngine.java:224)
	at com.squareup.okhttp.Call.getResponse(Call.java:286)
	at com.squareup.okhttp.Call$ApplicationInterceptorChain.proceed(Call.java:243)
	at com.squareup.okhttp.Call.getResponseWithInterceptorChain(Call.java:205)
	at com.squareup.okhttp.Call.access$100(Call.java:35)
	at com.squareup.okhttp.Call$AsyncCall.execute(Call.java:171)
	at com.squareup.okhttp.internal.NamedRunnable.run(NamedRunnable.java:33)
	at java.util.concurrent.ThreadPoolExecutor.runWorker(ThreadPoolExecutor.java:1142)
	at java.util.concurrent.ThreadPoolExecutor$Worker.run(ThreadPoolExecutor.java:617)
	at java.lang.Thread.run(Thread.java:745)
389266 [OkHttp http://localhost:1880/] ERROR com.upm.miot.rlopezv.iotsimulator.control.GatewaySystemController  - onFailure() Request was:Request{method=POST, url=http://localhost:1880/, tag=Request{method=POST, url=http://localhost:1880/, tag=null}}
java.net.ConnectException: Failed to connect to localhost/0:0:0:0:0:0:0:1:1880
	at com.squareup.okhttp.internal.io.RealConnection.connectSocket(RealConnection.java:143)
	at com.squareup.okhttp.internal.io.RealConnection.connect(RealConnection.java:112)
	at com.squareup.okhttp.internal.http.StreamAllocation.findConnection(StreamAllocation.java:184)
	at com.squareup.okhttp.internal.http.StreamAllocation.findHealthyConnection(StreamAllocation.java:126)
	at com.squareup.okhttp.internal.http.StreamAllocation.newStream(StreamAllocation.java:95)
	at com.squareup.okhttp.internal.http.HttpEngine.connect(HttpEngine.java:281)
	at com.squareup.okhttp.internal.http.HttpEngine.sendRequest(HttpEngine.java:224)
	at com.squareup.okhttp.Call.getResponse(Call.java:286)
	at com.squareup.okhttp.Call$ApplicationInterceptorChain.proceed(Call.java:243)
	at com.squareup.okhttp.Call.getResponseWithInterceptorChain(Call.java:205)
	at com.squareup.okhttp.Call.access$100(Call.java:35)
	at com.squareup.okhttp.Call$AsyncCall.execute(Call.java:171)
	at com.squareup.okhttp.internal.NamedRunnable.run(NamedRunnable.java:33)
	at java.util.concurrent.ThreadPoolExecutor.runWorker(ThreadPoolExecutor.java:1142)
	at java.util.concurrent.ThreadPoolExecutor$Worker.run(ThreadPoolExecutor.java:617)
	at java.lang.Thread.run(Thread.java:745)
300822 [main] INFO  com.upm.miot.rlopezv.iotsimulator.control.BaseSystemController  - *******************Sent message*******************
300822 [MQTT Call: 23f9d104-1b26-4dcb-b7d4-8ff50e34eddc] INFO  com.upm.miot.rlopezv.iotsimulator.control.AbstractSystemController  - Delivered message:{"measures":{"light":true,"sound":3.790369747446396,"luminosity":18.424663073371406}}
300823 [main] INFO  com.upm.miot.rlopezv.iotsimulator.control.BaseSystemController  - message:SrSystemMeassure [measures={light=true, sound=3.790369747446396, luminosity=18.424663073371406}]
300826 [main] INFO  com.upm.miot.rlopezv.iotsimulator.control.BaseSystemController  - *****************************************************
0    [main] INFO  com.upm.miot.rlopezv.iotsimulator.App  - Starting client
17044 [main] INFO  com.upm.miot.rlopezv.iotsimulator.control.Client  - Connected to mqtt broker
28673 [main] INFO  com.upm.miot.rlopezv.iotsimulator.control.Client  - Subscribed to:sr/res01sys02/command/#
28673 [main] INFO  com.upm.miot.rlopezv.iotsimulator.control.Client  - Started client
1    [main] INFO  com.upm.miot.rlopezv.iotsimulator.App  - Starting client
781  [main] INFO  com.upm.miot.rlopezv.iotsimulator.control.Client  - Connected to mqtt broker
788  [main] INFO  com.upm.miot.rlopezv.iotsimulator.control.Client  - Subscribed to:sr/res01sys02/command/#
788  [main] INFO  com.upm.miot.rlopezv.iotsimulator.control.Client  - Started client
826  [main] INFO  com.upm.miot.rlopezv.iotsimulator.control.BaseSystemController  - *******************Sent message*******************
826  [MQTT Call: 97d2eedb-31c3-4958-87db-eb31a54142b9] INFO  com.upm.miot.rlopezv.iotsimulator.control.AbstractSystemController  - Delivered message:{"measures":{"light":true,"sound":64.26135949544506,"luminosity":99.97316383261095},"systemId":"res01sys02"}
826  [main] INFO  com.upm.miot.rlopezv.iotsimulator.control.BaseSystemController  - message:SrSystemMeassure [measures={light=true, sound=64.26135949544506, luminosity=99.97316383261095}]
827  [main] INFO  com.upm.miot.rlopezv.iotsimulator.control.BaseSystemController  - *****************************************************
60834 [MQTT Call: 97d2eedb-31c3-4958-87db-eb31a54142b9] INFO  com.upm.miot.rlopezv.iotsimulator.control.AbstractSystemController  - Delivered message:{"measures":{"light":true,"sound":34.92990692453609,"luminosity":67.44303179134322},"systemId":"res01sys02"}
60834 [main] INFO  com.upm.miot.rlopezv.iotsimulator.control.BaseSystemController  - *******************Sent message*******************
60835 [main] INFO  com.upm.miot.rlopezv.iotsimulator.control.BaseSystemController  - message:SrSystemMeassure [measures={light=true, sound=34.92990692453609, luminosity=67.44303179134322}]
60835 [main] INFO  com.upm.miot.rlopezv.iotsimulator.control.BaseSystemController  - *****************************************************
0    [main] INFO  com.upm.miot.rlopezv.iotsimulator.App  - Starting client
608  [main] INFO  com.upm.miot.rlopezv.iotsimulator.control.Client  - Connected to mqtt broker
616  [main] INFO  com.upm.miot.rlopezv.iotsimulator.control.Client  - Subscribed to:sr/#
616  [main] INFO  com.upm.miot.rlopezv.iotsimulator.control.Client  - Started client
1031 [OkHttp http://localhost:1880/] ERROR com.upm.miot.rlopezv.iotsimulator.control.GatewaySystemController  - onFailure() Request was:Request{method=POST, url=http://localhost:1880/, tag=Request{method=POST, url=http://localhost:1880/, tag=null}}
java.net.ConnectException: Failed to connect to localhost/0:0:0:0:0:0:0:1:1880
	at com.squareup.okhttp.internal.io.RealConnection.connectSocket(RealConnection.java:143)
	at com.squareup.okhttp.internal.io.RealConnection.connect(RealConnection.java:112)
	at com.squareup.okhttp.internal.http.StreamAllocation.findConnection(StreamAllocation.java:184)
	at com.squareup.okhttp.internal.http.StreamAllocation.findHealthyConnection(StreamAllocation.java:126)
	at com.squareup.okhttp.internal.http.StreamAllocation.newStream(StreamAllocation.java:95)
	at com.squareup.okhttp.internal.http.HttpEngine.connect(HttpEngine.java:281)
	at com.squareup.okhttp.internal.http.HttpEngine.sendRequest(HttpEngine.java:224)
	at com.squareup.okhttp.Call.getResponse(Call.java:286)
	at com.squareup.okhttp.Call$ApplicationInterceptorChain.proceed(Call.java:243)
	at com.squareup.okhttp.Call.getResponseWithInterceptorChain(Call.java:205)
	at com.squareup.okhttp.Call.access$100(Call.java:35)
	at com.squareup.okhttp.Call$AsyncCall.execute(Call.java:171)
	at com.squareup.okhttp.internal.NamedRunnable.run(NamedRunnable.java:33)
	at java.util.concurrent.ThreadPoolExecutor.runWorker(ThreadPoolExecutor.java:1142)
	at java.util.concurrent.ThreadPoolExecutor$Worker.run(ThreadPoolExecutor.java:617)
	at java.lang.Thread.run(Thread.java:745)
1031 [OkHttp http://localhost:1880/] ERROR com.upm.miot.rlopezv.iotsimulator.control.GatewaySystemController  - onFailure() Request was:Request{method=POST, url=http://localhost:1880/, tag=Request{method=POST, url=http://localhost:1880/, tag=null}}
java.net.ConnectException: Failed to connect to localhost/0:0:0:0:0:0:0:1:1880
	at com.squareup.okhttp.internal.io.RealConnection.connectSocket(RealConnection.java:143)
	at com.squareup.okhttp.internal.io.RealConnection.connect(RealConnection.java:112)
	at com.squareup.okhttp.internal.http.StreamAllocation.findConnection(StreamAllocation.java:184)
	at com.squareup.okhttp.internal.http.StreamAllocation.findHealthyConnection(StreamAllocation.java:126)
	at com.squareup.okhttp.internal.http.StreamAllocation.newStream(StreamAllocation.java:95)
	at com.squareup.okhttp.internal.http.HttpEngine.connect(HttpEngine.java:281)
	at com.squareup.okhttp.internal.http.HttpEngine.sendRequest(HttpEngine.java:224)
	at com.squareup.okhttp.Call.getResponse(Call.java:286)
	at com.squareup.okhttp.Call$ApplicationInterceptorChain.proceed(Call.java:243)
	at com.squareup.okhttp.Call.getResponseWithInterceptorChain(Call.java:205)
	at com.squareup.okhttp.Call.access$100(Call.java:35)
	at com.squareup.okhttp.Call$AsyncCall.execute(Call.java:171)
	at com.squareup.okhttp.internal.NamedRunnable.run(NamedRunnable.java:33)
	at java.util.concurrent.ThreadPoolExecutor.runWorker(ThreadPoolExecutor.java:1142)
	at java.util.concurrent.ThreadPoolExecutor$Worker.run(ThreadPoolExecutor.java:617)
	at java.lang.Thread.run(Thread.java:745)
120838 [MQTT Call: 97d2eedb-31c3-4958-87db-eb31a54142b9] INFO  com.upm.miot.rlopezv.iotsimulator.control.AbstractSystemController  - Delivered message:{"measures":{"light":true,"sound":24.54772984554368,"luminosity":26.8395890975503},"systemId":"res01sys02"}
120838 [main] INFO  com.upm.miot.rlopezv.iotsimulator.control.BaseSystemController  - *******************Sent message*******************
120841 [main] INFO  com.upm.miot.rlopezv.iotsimulator.control.BaseSystemController  - message:SrSystemMeassure [measures={light=true, sound=24.54772984554368, luminosity=26.8395890975503}]
120842 [main] INFO  com.upm.miot.rlopezv.iotsimulator.control.BaseSystemController  - *****************************************************
58900 [OkHttp http://localhost:1880/] ERROR com.upm.miot.rlopezv.iotsimulator.control.GatewaySystemController  - message sent: {}<!DOCTYPE html>
<html lang="en">
<head>
<meta charset="utf-8">
<title>Error</title>
</head>
<body>
<pre>Cannot POST /</pre>
</body>
</html>

0    [main] INFO  com.upm.miot.rlopezv.iotsimulator.App  - Starting client
676  [main] INFO  com.upm.miot.rlopezv.iotsimulator.control.Client  - Connected to mqtt broker
683  [main] INFO  com.upm.miot.rlopezv.iotsimulator.control.Client  - Subscribed to:sr/#
683  [main] INFO  com.upm.miot.rlopezv.iotsimulator.control.Client  - Started client
11129 [OkHttp http://localhost:1880/data] ERROR com.upm.miot.rlopezv.iotsimulator.control.GatewaySystemController  - onFailure() Request was:Request{method=POST, url=http://localhost:1880/data, tag=Request{method=POST, url=http://localhost:1880/data, tag=null}}
java.net.SocketTimeoutException: timeout
	at okio.Okio$3.newTimeoutException(Okio.java:207)
	at okio.AsyncTimeout.exit(AsyncTimeout.java:261)
	at okio.AsyncTimeout$2.read(AsyncTimeout.java:215)
	at okio.RealBufferedSource.indexOf(RealBufferedSource.java:306)
	at okio.RealBufferedSource.indexOf(RealBufferedSource.java:300)
	at okio.RealBufferedSource.readUtf8LineStrict(RealBufferedSource.java:196)
	at com.squareup.okhttp.internal.http.Http1xStream.readResponse(Http1xStream.java:186)
	at com.squareup.okhttp.internal.http.Http1xStream.readResponseHeaders(Http1xStream.java:127)
	at com.squareup.okhttp.internal.http.HttpEngine.readNetworkResponse(HttpEngine.java:737)
	at com.squareup.okhttp.internal.http.HttpEngine.access$200(HttpEngine.java:87)
	at com.squareup.okhttp.internal.http.HttpEngine$NetworkInterceptorChain.proceed(HttpEngine.java:722)
	at com.squareup.okhttp.internal.http.HttpEngine.readResponse(HttpEngine.java:576)
	at com.squareup.okhttp.Call.getResponse(Call.java:287)
	at com.squareup.okhttp.Call$ApplicationInterceptorChain.proceed(Call.java:243)
	at com.squareup.okhttp.Call.getResponseWithInterceptorChain(Call.java:205)
	at com.squareup.okhttp.Call.access$100(Call.java:35)
	at com.squareup.okhttp.Call$AsyncCall.execute(Call.java:171)
	at com.squareup.okhttp.internal.NamedRunnable.run(NamedRunnable.java:33)
	at java.util.concurrent.ThreadPoolExecutor.runWorker(ThreadPoolExecutor.java:1142)
	at java.util.concurrent.ThreadPoolExecutor$Worker.run(ThreadPoolExecutor.java:617)
	at java.lang.Thread.run(Thread.java:745)
Caused by: java.net.SocketTimeoutException: Read timed out
	at java.net.SocketInputStream.socketRead0(Native Method)
	at java.net.SocketInputStream.socketRead(SocketInputStream.java:116)
	at java.net.SocketInputStream.read(SocketInputStream.java:171)
	at java.net.SocketInputStream.read(SocketInputStream.java:141)
	at okio.Okio$2.read(Okio.java:139)
	at okio.AsyncTimeout$2.read(AsyncTimeout.java:211)
	... 18 more
11129 [OkHttp http://localhost:1880/data] ERROR com.upm.miot.rlopezv.iotsimulator.control.GatewaySystemController  - onFailure() Request was:Request{method=POST, url=http://localhost:1880/data, tag=Request{method=POST, url=http://localhost:1880/data, tag=null}}
java.net.SocketTimeoutException: Read timed out
	at java.net.SocketInputStream.socketRead0(Native Method)
	at java.net.SocketInputStream.socketRead(SocketInputStream.java:116)
	at java.net.SocketInputStream.read(SocketInputStream.java:171)
	at java.net.SocketInputStream.read(SocketInputStream.java:141)
	at okio.Okio$2.read(Okio.java:139)
	at okio.AsyncTimeout$2.read(AsyncTimeout.java:211)
	at okio.RealBufferedSource.indexOf(RealBufferedSource.java:306)
	at okio.RealBufferedSource.indexOf(RealBufferedSource.java:300)
	at okio.RealBufferedSource.readUtf8LineStrict(RealBufferedSource.java:196)
	at com.squareup.okhttp.internal.http.Http1xStream.readResponse(Http1xStream.java:186)
	at com.squareup.okhttp.internal.http.Http1xStream.readResponseHeaders(Http1xStream.java:127)
	at com.squareup.okhttp.internal.http.HttpEngine.readNetworkResponse(HttpEngine.java:737)
	at com.squareup.okhttp.internal.http.HttpEngine.access$200(HttpEngine.java:87)
	at com.squareup.okhttp.internal.http.HttpEngine$NetworkInterceptorChain.proceed(HttpEngine.java:722)
	at com.squareup.okhttp.internal.http.HttpEngine.readResponse(HttpEngine.java:576)
	at com.squareup.okhttp.Call.getResponse(Call.java:287)
	at com.squareup.okhttp.Call$ApplicationInterceptorChain.proceed(Call.java:243)
	at com.squareup.okhttp.Call.getResponseWithInterceptorChain(Call.java:205)
	at com.squareup.okhttp.Call.access$100(Call.java:35)
	at com.squareup.okhttp.Call$AsyncCall.execute(Call.java:171)
	at com.squareup.okhttp.internal.NamedRunnable.run(NamedRunnable.java:33)
	at java.util.concurrent.ThreadPoolExecutor.runWorker(ThreadPoolExecutor.java:1142)
	at java.util.concurrent.ThreadPoolExecutor$Worker.run(ThreadPoolExecutor.java:617)
	at java.lang.Thread.run(Thread.java:745)
180847 [main] INFO  com.upm.miot.rlopezv.iotsimulator.control.BaseSystemController  - *******************Sent message*******************
180847 [MQTT Call: 97d2eedb-31c3-4958-87db-eb31a54142b9] INFO  com.upm.miot.rlopezv.iotsimulator.control.AbstractSystemController  - Delivered message:{"measures":{"light":true,"sound":24.3361789218704,"luminosity":71.45598744791796},"systemId":"res01sys02"}
180848 [main] INFO  com.upm.miot.rlopezv.iotsimulator.control.BaseSystemController  - message:SrSystemMeassure [measures={light=true, sound=24.3361789218704, luminosity=71.45598744791796}]
180848 [main] INFO  com.upm.miot.rlopezv.iotsimulator.control.BaseSystemController  - *****************************************************
34136 [OkHttp http://localhost:1880/data] ERROR com.upm.miot.rlopezv.iotsimulator.control.GatewaySystemController  - onFailure() Request was:Request{method=POST, url=http://localhost:1880/data, tag=Request{method=POST, url=http://localhost:1880/data, tag=null}}
java.net.SocketTimeoutException: timeout
	at okio.Okio$3.newTimeoutException(Okio.java:207)
	at okio.AsyncTimeout.exit(AsyncTimeout.java:261)
	at okio.AsyncTimeout$2.read(AsyncTimeout.java:215)
	at okio.RealBufferedSource.indexOf(RealBufferedSource.java:306)
	at okio.RealBufferedSource.indexOf(RealBufferedSource.java:300)
	at okio.RealBufferedSource.readUtf8LineStrict(RealBufferedSource.java:196)
	at com.squareup.okhttp.internal.http.Http1xStream.readResponse(Http1xStream.java:186)
	at com.squareup.okhttp.internal.http.Http1xStream.readResponseHeaders(Http1xStream.java:127)
	at com.squareup.okhttp.internal.http.HttpEngine.readNetworkResponse(HttpEngine.java:737)
	at com.squareup.okhttp.internal.http.HttpEngine.access$200(HttpEngine.java:87)
	at com.squareup.okhttp.internal.http.HttpEngine$NetworkInterceptorChain.proceed(HttpEngine.java:722)
	at com.squareup.okhttp.internal.http.HttpEngine.readResponse(HttpEngine.java:576)
	at com.squareup.okhttp.Call.getResponse(Call.java:287)
	at com.squareup.okhttp.Call$ApplicationInterceptorChain.proceed(Call.java:243)
	at com.squareup.okhttp.Call.getResponseWithInterceptorChain(Call.java:205)
	at com.squareup.okhttp.Call.access$100(Call.java:35)
	at com.squareup.okhttp.Call$AsyncCall.execute(Call.java:171)
	at com.squareup.okhttp.internal.NamedRunnable.run(NamedRunnable.java:33)
	at java.util.concurrent.ThreadPoolExecutor.runWorker(ThreadPoolExecutor.java:1142)
	at java.util.concurrent.ThreadPoolExecutor$Worker.run(ThreadPoolExecutor.java:617)
	at java.lang.Thread.run(Thread.java:745)
Caused by: java.net.SocketTimeoutException: Read timed out
	at java.net.SocketInputStream.socketRead0(Native Method)
	at java.net.SocketInputStream.socketRead(SocketInputStream.java:116)
	at java.net.SocketInputStream.read(SocketInputStream.java:171)
	at java.net.SocketInputStream.read(SocketInputStream.java:141)
	at okio.Okio$2.read(Okio.java:139)
	at okio.AsyncTimeout$2.read(AsyncTimeout.java:211)
	... 18 more
240853 [main] INFO  com.upm.miot.rlopezv.iotsimulator.control.BaseSystemController  - *******************Sent message*******************
240855 [main] INFO  com.upm.miot.rlopezv.iotsimulator.control.BaseSystemController  - message:SrSystemMeassure [measures={light=true, sound=3.9014760988721644, luminosity=20.561547428643312}]
240856 [main] INFO  com.upm.miot.rlopezv.iotsimulator.control.BaseSystemController  - *****************************************************
240854 [MQTT Call: 97d2eedb-31c3-4958-87db-eb31a54142b9] INFO  com.upm.miot.rlopezv.iotsimulator.control.AbstractSystemController  - Delivered message:{"measures":{"light":true,"sound":3.9014760988721644,"luminosity":20.561547428643312},"systemId":"res01sys02"}
94142 [OkHttp http://localhost:1880/data] ERROR com.upm.miot.rlopezv.iotsimulator.control.GatewaySystemController  - onFailure() Request was:Request{method=POST, url=http://localhost:1880/data, tag=Request{method=POST, url=http://localhost:1880/data, tag=null}}
java.net.SocketTimeoutException: timeout
	at okio.Okio$3.newTimeoutException(Okio.java:207)
	at okio.AsyncTimeout.exit(AsyncTimeout.java:261)
	at okio.AsyncTimeout$2.read(AsyncTimeout.java:215)
	at okio.RealBufferedSource.indexOf(RealBufferedSource.java:306)
	at okio.RealBufferedSource.indexOf(RealBufferedSource.java:300)
	at okio.RealBufferedSource.readUtf8LineStrict(RealBufferedSource.java:196)
	at com.squareup.okhttp.internal.http.Http1xStream.readResponse(Http1xStream.java:186)
	at com.squareup.okhttp.internal.http.Http1xStream.readResponseHeaders(Http1xStream.java:127)
	at com.squareup.okhttp.internal.http.HttpEngine.readNetworkResponse(HttpEngine.java:737)
	at com.squareup.okhttp.internal.http.HttpEngine.access$200(HttpEngine.java:87)
	at com.squareup.okhttp.internal.http.HttpEngine$NetworkInterceptorChain.proceed(HttpEngine.java:722)
	at com.squareup.okhttp.internal.http.HttpEngine.readResponse(HttpEngine.java:576)
	at com.squareup.okhttp.Call.getResponse(Call.java:287)
	at com.squareup.okhttp.Call$ApplicationInterceptorChain.proceed(Call.java:243)
	at com.squareup.okhttp.Call.getResponseWithInterceptorChain(Call.java:205)
	at com.squareup.okhttp.Call.access$100(Call.java:35)
	at com.squareup.okhttp.Call$AsyncCall.execute(Call.java:171)
	at com.squareup.okhttp.internal.NamedRunnable.run(NamedRunnable.java:33)
	at java.util.concurrent.ThreadPoolExecutor.runWorker(ThreadPoolExecutor.java:1142)
	at java.util.concurrent.ThreadPoolExecutor$Worker.run(ThreadPoolExecutor.java:617)
	at java.lang.Thread.run(Thread.java:745)
Caused by: java.net.SocketTimeoutException: Read timed out
	at java.net.SocketInputStream.socketRead0(Native Method)
	at java.net.SocketInputStream.socketRead(SocketInputStream.java:116)
	at java.net.SocketInputStream.read(SocketInputStream.java:171)
	at java.net.SocketInputStream.read(SocketInputStream.java:141)
	at okio.Okio$2.read(Okio.java:139)
	at okio.AsyncTimeout$2.read(AsyncTimeout.java:211)
	... 18 more
300870 [MQTT Call: 97d2eedb-31c3-4958-87db-eb31a54142b9] INFO  com.upm.miot.rlopezv.iotsimulator.control.AbstractSystemController  - Delivered message:{"measures":{"light":true,"sound":53.836263630105684,"luminosity":79.84981496390736},"systemId":"res01sys02"}
300872 [main] INFO  com.upm.miot.rlopezv.iotsimulator.control.BaseSystemController  - *******************Sent message*******************
300873 [main] INFO  com.upm.miot.rlopezv.iotsimulator.control.BaseSystemController  - message:SrSystemMeassure [measures={light=true, sound=53.836263630105684, luminosity=79.84981496390736}]
300873 [main] INFO  com.upm.miot.rlopezv.iotsimulator.control.BaseSystemController  - *****************************************************
154214 [OkHttp http://localhost:1880/data] ERROR com.upm.miot.rlopezv.iotsimulator.control.GatewaySystemController  - onFailure() Request was:Request{method=POST, url=http://localhost:1880/data, tag=Request{method=POST, url=http://localhost:1880/data, tag=null}}
java.net.SocketTimeoutException: timeout
	at okio.Okio$3.newTimeoutException(Okio.java:207)
	at okio.AsyncTimeout.exit(AsyncTimeout.java:261)
	at okio.AsyncTimeout$2.read(AsyncTimeout.java:215)
	at okio.RealBufferedSource.indexOf(RealBufferedSource.java:306)
	at okio.RealBufferedSource.indexOf(RealBufferedSource.java:300)
	at okio.RealBufferedSource.readUtf8LineStrict(RealBufferedSource.java:196)
	at com.squareup.okhttp.internal.http.Http1xStream.readResponse(Http1xStream.java:186)
	at com.squareup.okhttp.internal.http.Http1xStream.readResponseHeaders(Http1xStream.java:127)
	at com.squareup.okhttp.internal.http.HttpEngine.readNetworkResponse(HttpEngine.java:737)
	at com.squareup.okhttp.internal.http.HttpEngine.access$200(HttpEngine.java:87)
	at com.squareup.okhttp.internal.http.HttpEngine$NetworkInterceptorChain.proceed(HttpEngine.java:722)
	at com.squareup.okhttp.internal.http.HttpEngine.readResponse(HttpEngine.java:576)
	at com.squareup.okhttp.Call.getResponse(Call.java:287)
	at com.squareup.okhttp.Call$ApplicationInterceptorChain.proceed(Call.java:243)
	at com.squareup.okhttp.Call.getResponseWithInterceptorChain(Call.java:205)
	at com.squareup.okhttp.Call.access$100(Call.java:35)
	at com.squareup.okhttp.Call$AsyncCall.execute(Call.java:171)
	at com.squareup.okhttp.internal.NamedRunnable.run(NamedRunnable.java:33)
	at java.util.concurrent.ThreadPoolExecutor.runWorker(ThreadPoolExecutor.java:1142)
	at java.util.concurrent.ThreadPoolExecutor$Worker.run(ThreadPoolExecutor.java:617)
	at java.lang.Thread.run(Thread.java:745)
Caused by: java.net.SocketTimeoutException: Read timed out
	at java.net.SocketInputStream.socketRead0(Native Method)
	at java.net.SocketInputStream.socketRead(SocketInputStream.java:116)
	at java.net.SocketInputStream.read(SocketInputStream.java:171)
	at java.net.SocketInputStream.read(SocketInputStream.java:141)
	at okio.Okio$2.read(Okio.java:139)
	at okio.AsyncTimeout$2.read(AsyncTimeout.java:211)
	... 18 more
360879 [main] INFO  com.upm.miot.rlopezv.iotsimulator.control.BaseSystemController  - *******************Sent message*******************
360880 [MQTT Call: 97d2eedb-31c3-4958-87db-eb31a54142b9] INFO  com.upm.miot.rlopezv.iotsimulator.control.AbstractSystemController  - Delivered message:{"measures":{"light":true,"sound":32.757055259074335,"luminosity":6.411193700560358},"systemId":"res01sys02"}
360882 [main] INFO  com.upm.miot.rlopezv.iotsimulator.control.BaseSystemController  - message:SrSystemMeassure [measures={light=true, sound=32.757055259074335, luminosity=6.411193700560358}]
360883 [main] INFO  com.upm.miot.rlopezv.iotsimulator.control.BaseSystemController  - *****************************************************
214171 [OkHttp http://localhost:1880/data] ERROR com.upm.miot.rlopezv.iotsimulator.control.GatewaySystemController  - onFailure() Request was:Request{method=POST, url=http://localhost:1880/data, tag=Request{method=POST, url=http://localhost:1880/data, tag=null}}
java.net.SocketTimeoutException: timeout
	at okio.Okio$3.newTimeoutException(Okio.java:207)
	at okio.AsyncTimeout.exit(AsyncTimeout.java:261)
	at okio.AsyncTimeout$2.read(AsyncTimeout.java:215)
	at okio.RealBufferedSource.indexOf(RealBufferedSource.java:306)
	at okio.RealBufferedSource.indexOf(RealBufferedSource.java:300)
	at okio.RealBufferedSource.readUtf8LineStrict(RealBufferedSource.java:196)
	at com.squareup.okhttp.internal.http.Http1xStream.readResponse(Http1xStream.java:186)
	at com.squareup.okhttp.internal.http.Http1xStream.readResponseHeaders(Http1xStream.java:127)
	at com.squareup.okhttp.internal.http.HttpEngine.readNetworkResponse(HttpEngine.java:737)
	at com.squareup.okhttp.internal.http.HttpEngine.access$200(HttpEngine.java:87)
	at com.squareup.okhttp.internal.http.HttpEngine$NetworkInterceptorChain.proceed(HttpEngine.java:722)
	at com.squareup.okhttp.internal.http.HttpEngine.readResponse(HttpEngine.java:576)
	at com.squareup.okhttp.Call.getResponse(Call.java:287)
	at com.squareup.okhttp.Call$ApplicationInterceptorChain.proceed(Call.java:243)
	at com.squareup.okhttp.Call.getResponseWithInterceptorChain(Call.java:205)
	at com.squareup.okhttp.Call.access$100(Call.java:35)
	at com.squareup.okhttp.Call$AsyncCall.execute(Call.java:171)
	at com.squareup.okhttp.internal.NamedRunnable.run(NamedRunnable.java:33)
	at java.util.concurrent.ThreadPoolExecutor.runWorker(ThreadPoolExecutor.java:1142)
	at java.util.concurrent.ThreadPoolExecutor$Worker.run(ThreadPoolExecutor.java:617)
	at java.lang.Thread.run(Thread.java:745)
Caused by: java.net.SocketTimeoutException: Read timed out
	at java.net.SocketInputStream.socketRead0(Native Method)
	at java.net.SocketInputStream.socketRead(SocketInputStream.java:116)
	at java.net.SocketInputStream.read(SocketInputStream.java:171)
	at java.net.SocketInputStream.read(SocketInputStream.java:141)
	at okio.Okio$2.read(Okio.java:139)
	at okio.AsyncTimeout$2.read(AsyncTimeout.java:211)
	... 18 more
420890 [main] INFO  com.upm.miot.rlopezv.iotsimulator.control.BaseSystemController  - *******************Sent message*******************
420890 [MQTT Call: 97d2eedb-31c3-4958-87db-eb31a54142b9] INFO  com.upm.miot.rlopezv.iotsimulator.control.AbstractSystemController  - Delivered message:{"measures":{"light":true,"sound":15.550978838981578,"luminosity":38.91488062680428},"systemId":"res01sys02"}
420894 [main] INFO  com.upm.miot.rlopezv.iotsimulator.control.BaseSystemController  - message:SrSystemMeassure [measures={light=true, sound=15.550978838981578, luminosity=38.91488062680428}]
420896 [main] INFO  com.upm.miot.rlopezv.iotsimulator.control.BaseSystemController  - *****************************************************
274183 [OkHttp http://localhost:1880/data] ERROR com.upm.miot.rlopezv.iotsimulator.control.GatewaySystemController  - onFailure() Request was:Request{method=POST, url=http://localhost:1880/data, tag=Request{method=POST, url=http://localhost:1880/data, tag=null}}
java.net.SocketTimeoutException: timeout
	at okio.Okio$3.newTimeoutException(Okio.java:207)
	at okio.AsyncTimeout.exit(AsyncTimeout.java:261)
	at okio.AsyncTimeout$2.read(AsyncTimeout.java:215)
	at okio.RealBufferedSource.indexOf(RealBufferedSource.java:306)
	at okio.RealBufferedSource.indexOf(RealBufferedSource.java:300)
	at okio.RealBufferedSource.readUtf8LineStrict(RealBufferedSource.java:196)
	at com.squareup.okhttp.internal.http.Http1xStream.readResponse(Http1xStream.java:186)
	at com.squareup.okhttp.internal.http.Http1xStream.readResponseHeaders(Http1xStream.java:127)
	at com.squareup.okhttp.internal.http.HttpEngine.readNetworkResponse(HttpEngine.java:737)
	at com.squareup.okhttp.internal.http.HttpEngine.access$200(HttpEngine.java:87)
	at com.squareup.okhttp.internal.http.HttpEngine$NetworkInterceptorChain.proceed(HttpEngine.java:722)
	at com.squareup.okhttp.internal.http.HttpEngine.readResponse(HttpEngine.java:576)
	at com.squareup.okhttp.Call.getResponse(Call.java:287)
	at com.squareup.okhttp.Call$ApplicationInterceptorChain.proceed(Call.java:243)
	at com.squareup.okhttp.Call.getResponseWithInterceptorChain(Call.java:205)
	at com.squareup.okhttp.Call.access$100(Call.java:35)
	at com.squareup.okhttp.Call$AsyncCall.execute(Call.java:171)
	at com.squareup.okhttp.internal.NamedRunnable.run(NamedRunnable.java:33)
	at java.util.concurrent.ThreadPoolExecutor.runWorker(ThreadPoolExecutor.java:1142)
	at java.util.concurrent.ThreadPoolExecutor$Worker.run(ThreadPoolExecutor.java:617)
	at java.lang.Thread.run(Thread.java:745)
Caused by: java.net.SocketTimeoutException: Read timed out
	at java.net.SocketInputStream.socketRead0(Native Method)
	at java.net.SocketInputStream.socketRead(SocketInputStream.java:116)
	at java.net.SocketInputStream.read(SocketInputStream.java:171)
	at java.net.SocketInputStream.read(SocketInputStream.java:141)
	at okio.Okio$2.read(Okio.java:139)
	at okio.AsyncTimeout$2.read(AsyncTimeout.java:211)
	... 18 more
480904 [MQTT Call: 97d2eedb-31c3-4958-87db-eb31a54142b9] INFO  com.upm.miot.rlopezv.iotsimulator.control.AbstractSystemController  - Delivered message:{"measures":{"light":true,"sound":46.07377218444264,"luminosity":78.00377978651564},"systemId":"res01sys02"}
480914 [main] INFO  com.upm.miot.rlopezv.iotsimulator.control.BaseSystemController  - *******************Sent message*******************
480915 [main] INFO  com.upm.miot.rlopezv.iotsimulator.control.BaseSystemController  - message:SrSystemMeassure [measures={light=true, sound=46.07377218444264, luminosity=78.00377978651564}]
480915 [main] INFO  com.upm.miot.rlopezv.iotsimulator.control.BaseSystemController  - *****************************************************
334204 [OkHttp http://localhost:1880/data] ERROR com.upm.miot.rlopezv.iotsimulator.control.GatewaySystemController  - onFailure() Request was:Request{method=POST, url=http://localhost:1880/data, tag=Request{method=POST, url=http://localhost:1880/data, tag=null}}
java.net.SocketTimeoutException: timeout
	at okio.Okio$3.newTimeoutException(Okio.java:207)
	at okio.AsyncTimeout.exit(AsyncTimeout.java:261)
	at okio.AsyncTimeout$2.read(AsyncTimeout.java:215)
	at okio.RealBufferedSource.indexOf(RealBufferedSource.java:306)
	at okio.RealBufferedSource.indexOf(RealBufferedSource.java:300)
	at okio.RealBufferedSource.readUtf8LineStrict(RealBufferedSource.java:196)
	at com.squareup.okhttp.internal.http.Http1xStream.readResponse(Http1xStream.java:186)
	at com.squareup.okhttp.internal.http.Http1xStream.readResponseHeaders(Http1xStream.java:127)
	at com.squareup.okhttp.internal.http.HttpEngine.readNetworkResponse(HttpEngine.java:737)
	at com.squareup.okhttp.internal.http.HttpEngine.access$200(HttpEngine.java:87)
	at com.squareup.okhttp.internal.http.HttpEngine$NetworkInterceptorChain.proceed(HttpEngine.java:722)
	at com.squareup.okhttp.internal.http.HttpEngine.readResponse(HttpEngine.java:576)
	at com.squareup.okhttp.Call.getResponse(Call.java:287)
	at com.squareup.okhttp.Call$ApplicationInterceptorChain.proceed(Call.java:243)
	at com.squareup.okhttp.Call.getResponseWithInterceptorChain(Call.java:205)
	at com.squareup.okhttp.Call.access$100(Call.java:35)
	at com.squareup.okhttp.Call$AsyncCall.execute(Call.java:171)
	at com.squareup.okhttp.internal.NamedRunnable.run(NamedRunnable.java:33)
	at java.util.concurrent.ThreadPoolExecutor.runWorker(ThreadPoolExecutor.java:1142)
	at java.util.concurrent.ThreadPoolExecutor$Worker.run(ThreadPoolExecutor.java:617)
	at java.lang.Thread.run(Thread.java:745)
Caused by: java.net.SocketTimeoutException: Read timed out
	at java.net.SocketInputStream.socketRead0(Native Method)
	at java.net.SocketInputStream.socketRead(SocketInputStream.java:116)
	at java.net.SocketInputStream.read(SocketInputStream.java:171)
	at java.net.SocketInputStream.read(SocketInputStream.java:141)
	at okio.Okio$2.read(Okio.java:139)
	at okio.AsyncTimeout$2.read(AsyncTimeout.java:211)
	... 18 more
540924 [main] INFO  com.upm.miot.rlopezv.iotsimulator.control.BaseSystemController  - *******************Sent message*******************
540925 [main] INFO  com.upm.miot.rlopezv.iotsimulator.control.BaseSystemController  - message:SrSystemMeassure [measures={light=true, sound=24.198500192633244, luminosity=94.0275415372071}]
540925 [main] INFO  com.upm.miot.rlopezv.iotsimulator.control.BaseSystemController  - *****************************************************
540924 [MQTT Call: 97d2eedb-31c3-4958-87db-eb31a54142b9] INFO  com.upm.miot.rlopezv.iotsimulator.control.AbstractSystemController  - Delivered message:{"measures":{"light":true,"sound":24.198500192633244,"luminosity":94.0275415372071},"systemId":"res01sys02"}
394223 [OkHttp http://localhost:1880/data] ERROR com.upm.miot.rlopezv.iotsimulator.control.GatewaySystemController  - onFailure() Request was:Request{method=POST, url=http://localhost:1880/data, tag=Request{method=POST, url=http://localhost:1880/data, tag=null}}
java.net.SocketTimeoutException: timeout
	at okio.Okio$3.newTimeoutException(Okio.java:207)
	at okio.AsyncTimeout.exit(AsyncTimeout.java:261)
	at okio.AsyncTimeout$2.read(AsyncTimeout.java:215)
	at okio.RealBufferedSource.indexOf(RealBufferedSource.java:306)
	at okio.RealBufferedSource.indexOf(RealBufferedSource.java:300)
	at okio.RealBufferedSource.readUtf8LineStrict(RealBufferedSource.java:196)
	at com.squareup.okhttp.internal.http.Http1xStream.readResponse(Http1xStream.java:186)
	at com.squareup.okhttp.internal.http.Http1xStream.readResponseHeaders(Http1xStream.java:127)
	at com.squareup.okhttp.internal.http.HttpEngine.readNetworkResponse(HttpEngine.java:737)
	at com.squareup.okhttp.internal.http.HttpEngine.access$200(HttpEngine.java:87)
	at com.squareup.okhttp.internal.http.HttpEngine$NetworkInterceptorChain.proceed(HttpEngine.java:722)
	at com.squareup.okhttp.internal.http.HttpEngine.readResponse(HttpEngine.java:576)
	at com.squareup.okhttp.Call.getResponse(Call.java:287)
	at com.squareup.okhttp.Call$ApplicationInterceptorChain.proceed(Call.java:243)
	at com.squareup.okhttp.Call.getResponseWithInterceptorChain(Call.java:205)
	at com.squareup.okhttp.Call.access$100(Call.java:35)
	at com.squareup.okhttp.Call$AsyncCall.execute(Call.java:171)
	at com.squareup.okhttp.internal.NamedRunnable.run(NamedRunnable.java:33)
	at java.util.concurrent.ThreadPoolExecutor.runWorker(ThreadPoolExecutor.java:1142)
	at java.util.concurrent.ThreadPoolExecutor$Worker.run(ThreadPoolExecutor.java:617)
	at java.lang.Thread.run(Thread.java:745)
Caused by: java.net.SocketTimeoutException: Read timed out
	at java.net.SocketInputStream.socketRead0(Native Method)
	at java.net.SocketInputStream.socketRead(SocketInputStream.java:116)
	at java.net.SocketInputStream.read(SocketInputStream.java:171)
	at java.net.SocketInputStream.read(SocketInputStream.java:141)
	at okio.Okio$2.read(Okio.java:139)
	at okio.AsyncTimeout$2.read(AsyncTimeout.java:211)
	... 18 more
600931 [main] INFO  com.upm.miot.rlopezv.iotsimulator.control.BaseSystemController  - *******************Sent message*******************
600931 [MQTT Call: 97d2eedb-31c3-4958-87db-eb31a54142b9] INFO  com.upm.miot.rlopezv.iotsimulator.control.AbstractSystemController  - Delivered message:{"measures":{"light":true,"sound":25.576595021102257,"luminosity":77.73945695487006},"systemId":"res01sys02"}
600932 [main] INFO  com.upm.miot.rlopezv.iotsimulator.control.BaseSystemController  - message:SrSystemMeassure [measures={light=true, sound=25.576595021102257, luminosity=77.73945695487006}]
600935 [main] INFO  com.upm.miot.rlopezv.iotsimulator.control.BaseSystemController  - *****************************************************
454223 [OkHttp http://localhost:1880/data] ERROR com.upm.miot.rlopezv.iotsimulator.control.GatewaySystemController  - onFailure() Request was:Request{method=POST, url=http://localhost:1880/data, tag=Request{method=POST, url=http://localhost:1880/data, tag=null}}
java.net.SocketTimeoutException: timeout
	at okio.Okio$3.newTimeoutException(Okio.java:207)
	at okio.AsyncTimeout.exit(AsyncTimeout.java:261)
	at okio.AsyncTimeout$2.read(AsyncTimeout.java:215)
	at okio.RealBufferedSource.indexOf(RealBufferedSource.java:306)
	at okio.RealBufferedSource.indexOf(RealBufferedSource.java:300)
	at okio.RealBufferedSource.readUtf8LineStrict(RealBufferedSource.java:196)
	at com.squareup.okhttp.internal.http.Http1xStream.readResponse(Http1xStream.java:186)
	at com.squareup.okhttp.internal.http.Http1xStream.readResponseHeaders(Http1xStream.java:127)
	at com.squareup.okhttp.internal.http.HttpEngine.readNetworkResponse(HttpEngine.java:737)
	at com.squareup.okhttp.internal.http.HttpEngine.access$200(HttpEngine.java:87)
	at com.squareup.okhttp.internal.http.HttpEngine$NetworkInterceptorChain.proceed(HttpEngine.java:722)
	at com.squareup.okhttp.internal.http.HttpEngine.readResponse(HttpEngine.java:576)
	at com.squareup.okhttp.Call.getResponse(Call.java:287)
	at com.squareup.okhttp.Call$ApplicationInterceptorChain.proceed(Call.java:243)
	at com.squareup.okhttp.Call.getResponseWithInterceptorChain(Call.java:205)
	at com.squareup.okhttp.Call.access$100(Call.java:35)
	at com.squareup.okhttp.Call$AsyncCall.execute(Call.java:171)
	at com.squareup.okhttp.internal.NamedRunnable.run(NamedRunnable.java:33)
	at java.util.concurrent.ThreadPoolExecutor.runWorker(ThreadPoolExecutor.java:1142)
	at java.util.concurrent.ThreadPoolExecutor$Worker.run(ThreadPoolExecutor.java:617)
	at java.lang.Thread.run(Thread.java:745)
Caused by: java.net.SocketTimeoutException: Read timed out
	at java.net.SocketInputStream.socketRead0(Native Method)
	at java.net.SocketInputStream.socketRead(SocketInputStream.java:116)
	at java.net.SocketInputStream.read(SocketInputStream.java:171)
	at java.net.SocketInputStream.read(SocketInputStream.java:141)
	at okio.Okio$2.read(Okio.java:139)
	at okio.AsyncTimeout$2.read(AsyncTimeout.java:211)
	... 18 more
660942 [main] INFO  com.upm.miot.rlopezv.iotsimulator.control.BaseSystemController  - *******************Sent message*******************
660943 [MQTT Call: 97d2eedb-31c3-4958-87db-eb31a54142b9] INFO  com.upm.miot.rlopezv.iotsimulator.control.AbstractSystemController  - Delivered message:{"measures":{"light":true,"sound":57.340833831756,"luminosity":11.28612592590369},"systemId":"res01sys02"}
660943 [main] INFO  com.upm.miot.rlopezv.iotsimulator.control.BaseSystemController  - message:SrSystemMeassure [measures={light=true, sound=57.340833831756, luminosity=11.28612592590369}]
660943 [main] INFO  com.upm.miot.rlopezv.iotsimulator.control.BaseSystemController  - *****************************************************
507186 [OkHttp http://localhost:1880/data] ERROR com.upm.miot.rlopezv.iotsimulator.control.GatewaySystemController  - message sent: {}<!DOCTYPE html>
<html lang="en">
<head>
<meta charset="utf-8">
<title>Error</title>
</head>
<body>
<pre>SyntaxError: Unexpected token o in JSON at position 0<br> &nbsp; &nbsp;at JSON.parse (&lt;anonymous&gt;)<br> &nbsp; &nbsp;at createStrictSyntaxError (/usr/local/lib/node_modules/node-red/node_modules/body-parser/lib/types/json.js:158:10)<br> &nbsp; &nbsp;at parse (/usr/local/lib/node_modules/node-red/node_modules/body-parser/lib/types/json.js:83:15)<br> &nbsp; &nbsp;at /usr/local/lib/node_modules/node-red/node_modules/body-parser/lib/read.js:121:18<br> &nbsp; &nbsp;at invokeCallback (/usr/local/lib/node_modules/node-red/node_modules/raw-body/index.js:224:16)<br> &nbsp; &nbsp;at done (/usr/local/lib/node_modules/node-red/node_modules/raw-body/index.js:213:7)<br> &nbsp; &nbsp;at IncomingMessage.onEnd (/usr/local/lib/node_modules/node-red/node_modules/raw-body/index.js:273:7)<br> &nbsp; &nbsp;at emitNone (events.js:106:13)<br> &nbsp; &nbsp;at IncomingMessage.emit (events.js:208:7)<br> &nbsp; &nbsp;at endReadableNT (_stream_readable.js:1064:12)</pre>
</body>
</html>

514241 [OkHttp http://localhost:1880/data] ERROR com.upm.miot.rlopezv.iotsimulator.control.GatewaySystemController  - onFailure() Request was:Request{method=POST, url=http://localhost:1880/data, tag=Request{method=POST, url=http://localhost:1880/data, tag=null}}
java.net.SocketTimeoutException: Read timed out
	at java.net.SocketInputStream.socketRead0(Native Method)
	at java.net.SocketInputStream.socketRead(SocketInputStream.java:116)
	at java.net.SocketInputStream.read(SocketInputStream.java:171)
	at java.net.SocketInputStream.read(SocketInputStream.java:141)
	at okio.Okio$2.read(Okio.java:139)
	at okio.AsyncTimeout$2.read(AsyncTimeout.java:211)
	at okio.RealBufferedSource.indexOf(RealBufferedSource.java:306)
	at okio.RealBufferedSource.indexOf(RealBufferedSource.java:300)
	at okio.RealBufferedSource.readUtf8LineStrict(RealBufferedSource.java:196)
	at com.squareup.okhttp.internal.http.Http1xStream.readResponse(Http1xStream.java:186)
	at com.squareup.okhttp.internal.http.Http1xStream.readResponseHeaders(Http1xStream.java:127)
	at com.squareup.okhttp.internal.http.HttpEngine.readNetworkResponse(HttpEngine.java:737)
	at com.squareup.okhttp.internal.http.HttpEngine.access$200(HttpEngine.java:87)
	at com.squareup.okhttp.internal.http.HttpEngine$NetworkInterceptorChain.proceed(HttpEngine.java:722)
	at com.squareup.okhttp.internal.http.HttpEngine.readResponse(HttpEngine.java:576)
	at com.squareup.okhttp.Call.getResponse(Call.java:287)
	at com.squareup.okhttp.Call$ApplicationInterceptorChain.proceed(Call.java:243)
	at com.squareup.okhttp.Call.getResponseWithInterceptorChain(Call.java:205)
	at com.squareup.okhttp.Call.access$100(Call.java:35)
	at com.squareup.okhttp.Call$AsyncCall.execute(Call.java:171)
	at com.squareup.okhttp.internal.NamedRunnable.run(NamedRunnable.java:33)
	at java.util.concurrent.ThreadPoolExecutor.runWorker(ThreadPoolExecutor.java:1142)
	at java.util.concurrent.ThreadPoolExecutor$Worker.run(ThreadPoolExecutor.java:617)
	at java.lang.Thread.run(Thread.java:745)
